# JRE version: Java(TM) SE Runtime Environment (21.0.8+12) (build 21.0.8+12-LTS-250)
# Java VM: Java HotSpot(TM) 64-Bit Server VM (21.0.8+12-LTS-250, mixed mode, sharing, tiered, compressed oops, compressed class ptrs, g1 gc, windows-amd64)
GC Precious Log:
 CardTable entry size: 512
 Card Set container configuration: InlinePtr #cards 5 size 8 Array Of Cards #cards 12 size 40 Howl #buckets 4 coarsen threshold 1843 Howl Bitmap #cards 512 size 80 coarsen threshold 460 Card regions per heap region 1 cards per card region 2048
 CPUs: 8 total, 8 available
 Memory: 7872M
 Large Page Support: Disabled
 NUMA Support: Disabled
 Compressed Oops: Enabled (32-bit)
 Heap Region Size: 1M
 Heap Min Capacity: 8M
 Heap Initial Capacity: 124M
 Heap Max Capacity: 1970M
 Pre-touch: Disabled
 Parallel Workers: 8
 Concurrent Workers: 2
 Concurrent Refinement Workers: 8
 Periodic GC: Disabled
Heap:
 garbage-first heap   total 222208K, used 37186K [0x0000000084e00000, 0x0000000100000000)
  region size 1024K, 1 young (1024K), 1 survivors (1024K)
 Metaspace       used 18588K, committed 18944K, reserved 1114112K
  class space    used 2134K, committed 2304K, reserved 1048576K
GC Heap History (20 events):
Event: 205.812 GC heap after
{Heap after GC invocations=94 (full 0):
 garbage-first heap   total 222208K, used 37650K [0x0000000084e00000, 0x0000000100000000)
  region size 1024K, 2 young (2048K), 2 survivors (2048K)
 Metaspace       used 18588K, committed 18944K, reserved 1114112K
  class space    used 2134K, committed 2304K, reserved 1048576K
}
Event: 206.007 GC heap before
{Heap before GC invocations=94 (full 0):
 garbage-first heap   total 222208K, used 168722K [0x0000000084e00000, 0x0000000100000000)
  region size 1024K, 130 young (133120K), 2 survivors (2048K)
 Metaspace       used 18588K, committed 18944K, reserved 1114112K
  class space    used 2134K, committed 2304K, reserved 1048576K
}
Event: 206.011 GC heap after
{Heap after GC invocations=95 (full 0):
 garbage-first heap   total 222208K, used 37749K [0x0000000084e00000, 0x0000000100000000)
  region size 1024K, 2 young (2048K), 2 survivors (2048K)
 Metaspace       used 18588K, committed 18944K, reserved 1114112K
  class space    used 2134K, committed 2304K, reserved 1048576K
}
Event: 206.177 GC heap before
{Heap before GC invocations=95 (full 0):
 garbage-first heap   total 222208K, used 168821K [0x0000000084e00000, 0x0000000100000000)
  region size 1024K, 130 young (133120K), 2 survivors (2048K)
 Metaspace       used 18588K, committed 18944K, reserved 1114112K
  class space    used 2134K, committed 2304K, reserved 1048576K
}
Event: 206.179 GC heap after
{Heap after GC invocations=96 (full 0):
 garbage-first heap   total 222208K, used 37755K [0x0000000084e00000, 0x0000000100000000)
  region size 1024K, 2 young (2048K), 2 survivors (2048K)
 Metaspace       used 18588K, committed 18944K, reserved 1114112K
  class space    used 2134K, committed 2304K, reserved 1048576K
}
Event: 206.320 GC heap before
{Heap before GC invocations=96 (full 0):
 garbage-first heap   total 222208K, used 168827K [0x0000000084e00000, 0x0000000100000000)
  region size 1024K, 130 young (133120K), 2 survivors (2048K)
 Metaspace       used 18588K, committed 18944K, reserved 1114112K
  class space    used 2134K, committed 2304K, reserved 1048576K
}
Event: 206.321 GC heap after
{Heap after GC invocations=97 (full 0):
 garbage-first heap   total 222208K, used 37656K [0x0000000084e00000, 0x0000000100000000)
  region size 1024K, 2 young (2048K), 2 survivors (2048K)
 Metaspace       used 18588K, committed 18944K, reserved 1114112K
  class space    used 2134K, committed 2304K, reserved 1048576K
}
Event: 206.448 GC heap before
{Heap before GC invocations=97 (full 0):
 garbage-first heap   total 222208K, used 168728K [0x0000000084e00000, 0x0000000100000000)
  region size 1024K, 130 young (133120K), 2 survivors (2048K)
 Metaspace       used 18588K, committed 18944K, reserved 1114112K
  class space    used 2134K, committed 2304K, reserved 1048576K
}
Event: 206.450 GC heap after
{Heap after GC invocations=98 (full 0):
 garbage-first heap   total 222208K, used 37690K [0x0000000084e00000, 0x0000000100000000)
  region size 1024K, 2 young (2048K), 2 survivors (2048K)
 Metaspace       used 18588K, committed 18944K, reserved 1114112K
  class space    used 2134K, committed 2304K, reserved 1048576K
}
Event: 206.574 GC heap before
{Heap before GC invocations=98 (full 0):
 garbage-first heap   total 222208K, used 168762K [0x0000000084e00000, 0x0000000100000000)
  region size 1024K, 130 young (133120K), 2 survivors (2048K)
 Metaspace       used 18588K, committed 18944K, reserved 1114112K
  class space    used 2134K, committed 2304K, reserved 1048576K
}
Event: 206.575 GC heap after
{Heap after GC invocations=99 (full 0):
 garbage-first heap   total 222208K, used 37691K [0x0000000084e00000, 0x0000000100000000)
  region size 1024K, 2 young (2048K), 2 survivors (2048K)
 Metaspace       used 18588K, committed 18944K, reserved 1114112K
  class space    used 2134K, committed 2304K, reserved 1048576K
}
Event: 206.695 GC heap before
{Heap before GC invocations=99 (full 0):
 garbage-first heap   total 222208K, used 168763K [0x0000000084e00000, 0x0000000100000000)
  region size 1024K, 130 young (133120K), 2 survivors (2048K)
 Metaspace       used 18588K, committed 18944K, reserved 1114112K
  class space    used 2134K, committed 2304K, reserved 1048576K
}
Event: 206.696 GC heap after
{Heap after GC invocations=100 (full 0):
 garbage-first heap   total 222208K, used 37691K [0x0000000084e00000, 0x0000000100000000)
  region size 1024K, 2 young (2048K), 2 survivors (2048K)
 Metaspace       used 18588K, committed 18944K, reserved 1114112K
  class space    used 2134K, committed 2304K, reserved 1048576K
}
Event: 206.832 GC heap before
{Heap before GC invocations=100 (full 0):
 garbage-first heap   total 222208K, used 168763K [0x0000000084e00000, 0x0000000100000000)
  region size 1024K, 130 young (133120K), 2 survivors (2048K)
 Metaspace       used 18588K, committed 18944K, reserved 1114112K
  class space    used 2134K, committed 2304K, reserved 1048576K
}
Event: 206.833 GC heap after
{Heap after GC invocations=101 (full 0):
 garbage-first heap   total 222208K, used 37243K [0x0000000084e00000, 0x0000000100000000)
  region size 1024K, 1 young (1024K), 1 survivors (1024K)
 Metaspace       used 18588K, committed 18944K, reserved 1114112K
  class space    used 2134K, committed 2304K, reserved 1048576K
}
Event: 206.981 GC heap before
{Heap before GC invocations=101 (full 0):
 garbage-first heap   total 222208K, used 169339K [0x0000000084e00000, 0x0000000100000000)
  region size 1024K, 130 young (133120K), 1 survivors (1024K)
 Metaspace       used 18588K, committed 18944K, reserved 1114112K
  class space    used 2134K, committed 2304K, reserved 1048576K
}
Event: 206.999 GC heap after
{Heap after GC invocations=102 (full 0):
 garbage-first heap   total 222208K, used 37201K [0x0000000084e00000, 0x0000000100000000)
  region size 1024K, 1 young (1024K), 1 survivors (1024K)
 Metaspace       used 18588K, committed 18944K, reserved 1114112K
  class space    used 2134K, committed 2304K, reserved 1048576K
}
Event: 207.129 GC heap before
{Heap before GC invocations=102 (full 0):
 garbage-first heap   total 222208K, used 169297K [0x0000000084e00000, 0x0000000100000000)
  region size 1024K, 130 young (133120K), 1 survivors (1024K)
 Metaspace       used 18588K, committed 18944K, reserved 1114112K
  class space    used 2134K, committed 2304K, reserved 1048576K
}
Event: 208.092 GC heap after
{Heap after GC invocations=103 (full 0):
 garbage-first heap   total 222208K, used 37191K [0x0000000084e00000, 0x0000000100000000)
  region size 1024K, 1 young (1024K), 1 survivors (1024K)
 Metaspace       used 18588K, committed 18944K, reserved 1114112K
  class space    used 2134K, committed 2304K, reserved 1048576K
}
Event: 208.100 GC heap before
{Heap before GC invocations=103 (full 0):
 garbage-first heap   total 222208K, used 46407K [0x0000000084e00000, 0x0000000100000000)
  region size 1024K, 10 young (10240K), 1 survivors (1024K)
 Metaspace       used 18588K, committed 18944K, reserved 1114112K
  class space    used 2134K, committed 2304K, reserved 1048576K
}

